<?xml version="1.0" encoding="UTF-8"?>
<!-- Generated by org.testng.reporters.JUnitReportReporter -->
<testsuite skipped="0" hostname="HSD10549" name="www.MobileDevelopment.pageObjects.BaseClass" tests="1" failures="0" timestamp="2020-08-11T23:09:20 IST" time="37.134" errors="0">
  <testcase name="initialization" time="37.134" classname="www.MobileDevelopment.pageObjects.BaseClass"/>
</testsuite> <!-- www.MobileDevelopment.pageObjects.BaseClass -->
